        -:    0:Source:unittest1.c
        -:    0:Graph:unittest1.gcno
        -:    0:Data:unittest1.gcda
        -:    0:Runs:1
        -:    0:Programs:1
        -:    1:#include "dominion.h"
        -:    2:#include <stdio.h>
        -:    3:
        -:    4:int failed = 0;
        -:    5:
        1:    6:void myassert(int b,char* msg) {
        1:    7:  if (b == 0) {
    #####:    8:    printf("FAILED ASSERTION: %s\n",msg);
    #####:    9:    failed = 1;
        -:   10:  }
        1:   11:}
        -:   12:
        1:   13:void checkasserts() {
        1:   14:  if (!failed) {
        1:   15:    printf ("TEST SUCCESSFULLY COMPLETED.\n");
        -:   16:  }
        1:   17:}
        -:   18:
        1:   19:int main() {
        -:   20:  struct gameState g;
        -:   21:  int k[10] = {smithy,adventurer,gardens,embargo,cutpurse,mine,ambassador,
        1:   22:	       outpost,baron,tribute};
        -:   23:
        1:   24:  int r = initializeGame(-1, k, 5, &g);
        1:   25:  myassert(r == -1, "-1 players inputted, should fail");
        -:   26:
        1:   27:  checkasserts();
        1:   28:  return 0;
        -:   29:}
